2025-04-07 11:21:54,879 - INFO - Logging system initialized
2025-04-07 11:21:54,879 - INFO - Application started
2025-04-07 11:21:54,882 - INFO - Logging system initialized
2025-04-07 11:21:54,882 - INFO - Application started
2025-04-07 11:27:50,422 - CRITICAL - Unhandled exception: Traceback (most recent call last):
  File "D:\workFiles\更\ui.py", line 452, in <lambda>
    save_btn.clicked.connect(lambda: self.save_new_employee(
                                     ~~~~~~~~~~~~~~~~~~~~~~^
        dialog,
        ^^^^^^^
    ...<4 lines>...
        end_time_input.text()
        ^^^^^^^^^^^^^^^^^^^^^
    ))
    ^
TypeError: AvailabilityEditor.save_new_employee() takes from 4 to 6 positional arguments but 7 were given

2025-04-07 11:27:50,424 - CRITICAL - Unhandled exception: Traceback (most recent call last):
  File "D:\workFiles\更\ui.py", line 452, in <lambda>
    save_btn.clicked.connect(lambda: self.save_new_employee(
                                     ~~~~~~~~~~~~~~~~~~~~~~^
        dialog,
        ^^^^^^^
    ...<4 lines>...
        end_time_input.text()
        ^^^^^^^^^^^^^^^^^^^^^
    ))
    ^
TypeError: AvailabilityEditor.save_new_employee() takes from 4 to 6 positional arguments but 7 were given

2025-04-07 11:27:51,903 - CRITICAL - Unhandled exception: Traceback (most recent call last):
  File "D:\workFiles\更\ui.py", line 452, in <lambda>
    save_btn.clicked.connect(lambda: self.save_new_employee(
                                     ~~~~~~~~~~~~~~~~~~~~~~^
        dialog,
        ^^^^^^^
    ...<4 lines>...
        end_time_input.text()
        ^^^^^^^^^^^^^^^^^^^^^
    ))
    ^
TypeError: AvailabilityEditor.save_new_employee() takes from 4 to 6 positional arguments but 7 were given

2025-04-07 11:27:51,904 - CRITICAL - Unhandled exception: Traceback (most recent call last):
  File "D:\workFiles\更\ui.py", line 452, in <lambda>
    save_btn.clicked.connect(lambda: self.save_new_employee(
                                     ~~~~~~~~~~~~~~~~~~~~~~^
        dialog,
        ^^^^^^^
    ...<4 lines>...
        end_time_input.text()
        ^^^^^^^^^^^^^^^^^^^^^
    ))
    ^
TypeError: AvailabilityEditor.save_new_employee() takes from 4 to 6 positional arguments but 7 were given

2025-04-07 11:29:04,285 - CRITICAL - Unhandled exception: Traceback (most recent call last):
  File "D:\workFiles\更\ui.py", line 452, in <lambda>
    save_btn.clicked.connect(lambda: self.save_new_employee(
                                     ~~~~~~~~~~~~~~~~~~~~~~^
        dialog,
        ^^^^^^^
    ...<4 lines>...
        end_time_input.text()
        ^^^^^^^^^^^^^^^^^^^^^
    ))
    ^
TypeError: AvailabilityEditor.save_new_employee() takes from 4 to 6 positional arguments but 7 were given

2025-04-07 11:29:04,286 - CRITICAL - Unhandled exception: Traceback (most recent call last):
  File "D:\workFiles\更\ui.py", line 452, in <lambda>
    save_btn.clicked.connect(lambda: self.save_new_employee(
                                     ~~~~~~~~~~~~~~~~~~~~~~^
        dialog,
        ^^^^^^^
    ...<4 lines>...
        end_time_input.text()
        ^^^^^^^^^^^^^^^^^^^^^
    ))
    ^
TypeError: AvailabilityEditor.save_new_employee() takes from 4 to 6 positional arguments but 7 were given

